2019-07-23 17:56:12,866 [Worker-19] INFO  o.e.m.c.i.p.ProjectConfigurationManager - Collecting project info '/pom.xml' D:\SelProject\MavenEclipce\PhoenixShoppe\pom.xml
2019-07-23 17:56:16,069 [Worker-19] INFO  o.e.m.c.i.l.LifecycleMappingFactory - Using org.eclipse.m2e.jdt.JarLifecycleMapping lifecycle mapping for MavenProject: com.phoenix.shop:PhoenixShoppe:0.0.1-SNAPSHOT @ D:\SelProject\MavenEclipce\PhoenixShoppe\pom.xml.
2019-07-23 17:56:18,173 [Worker-19] INFO  o.e.m.j.i.AbstractJavaProjectConfigurator - Adding source folder /PhoenixShoppe/src/main/java
2019-07-23 17:56:18,187 [Worker-19] INFO  o.e.m.j.i.AbstractJavaProjectConfigurator - Adding source folder /PhoenixShoppe/src/test/java
2019-07-23 17:56:20,029 [Worker-19] INFO  o.e.m.c.i.p.ProjectConfigurationManager - Imported and configured 1 project(s) in 7 sec
2019-07-23 17:56:20,700 [Worker-22] INFO  o.e.m.c.i.embedder.EclipseLogger - Using 'UTF-8' encoding to copy filtered resources.
2019-07-23 17:56:20,701 [Worker-22] INFO  o.e.m.c.i.embedder.EclipseLogger - skip non existing resourceDirectory D:\SelProject\MavenEclipce\PhoenixShoppe\src\main\resources
2019-07-23 17:56:20,703 [Worker-22] INFO  o.e.m.c.i.embedder.EclipseLogger - Using 'UTF-8' encoding to copy filtered resources.
2019-07-23 17:56:20,703 [Worker-22] INFO  o.e.m.c.i.embedder.EclipseLogger - skip non existing resourceDirectory D:\SelProject\MavenEclipce\PhoenixShoppe\src\test\resources
2019-07-23 17:58:34,673 [Worker-22] INFO  o.e.m.c.i.embedder.EclipseLogger - Using 'UTF-8' encoding to copy filtered resources.
2019-07-23 17:58:34,673 [Worker-22] INFO  o.e.m.c.i.embedder.EclipseLogger - skip non existing resourceDirectory D:\SelProject\MavenEclipce\PhoenixShoppe\src\main\resources
2019-07-23 17:58:34,674 [Worker-22] INFO  o.e.m.c.i.embedder.EclipseLogger - Using 'UTF-8' encoding to copy filtered resources.
2019-07-23 17:58:34,674 [Worker-22] INFO  o.e.m.c.i.embedder.EclipseLogger - skip non existing resourceDirectory D:\SelProject\MavenEclipce\PhoenixShoppe\src\test\resources
2019-07-23 18:09:57,449 [main] INFO  o.e.m2e.actions.ExecutePomAction - Creating new launch configuration
2019-07-23 18:11:10,637 [Worker-31] INFO  o.e.m.i.launch.MavenLaunchDelegate - D:\SelProject\MavenEclipce\PhoenixShoppe
2019-07-23 18:11:10,637 [Worker-31] INFO  o.e.m.i.launch.MavenLaunchDelegate -  mvn  -B clean package
2019-07-23 18:12:07,213 [Worker-31] INFO  o.e.m.c.i.embedder.EclipseLogger - Using 'UTF-8' encoding to copy filtered resources.
2019-07-23 18:12:07,214 [Worker-31] INFO  o.e.m.c.i.embedder.EclipseLogger - skip non existing resourceDirectory D:\SelProject\MavenEclipce\PhoenixShoppe\src\main\resources
2019-07-23 18:12:07,214 [Worker-31] INFO  o.e.m.c.i.embedder.EclipseLogger - Using 'UTF-8' encoding to copy filtered resources.
2019-07-23 18:12:07,215 [Worker-31] INFO  o.e.m.c.i.embedder.EclipseLogger - skip non existing resourceDirectory D:\SelProject\MavenEclipce\PhoenixShoppe\src\test\resources
2019-07-23 18:38:50,272 [main] INFO  o.e.m2e.actions.ExecutePomAction - Creating new launch configuration
2019-07-23 18:39:03,309 [Worker-43] INFO  o.e.m.i.launch.MavenLaunchDelegate - D:\SelProject\MavenEclipce\PhoenixShoppe
2019-07-23 18:39:03,310 [Worker-43] INFO  o.e.m.i.launch.MavenLaunchDelegate -  mvn  -B clean package
2019-07-23 18:39:05,871 [Worker-44] INFO  o.e.m.c.i.l.LifecycleMappingFactory - Using org.eclipse.m2e.jdt.JarLifecycleMapping lifecycle mapping for MavenProject: com.phoenix.shop:PhoenixShoppe:0.0.1-SNAPSHOT @ D:\SelProject\MavenEclipce\PhoenixShoppe\pom.xml.
2019-07-23 18:39:08,469 [Worker-44] INFO  o.e.m.c.i.embedder.EclipseLogger - Using 'UTF-8' encoding to copy filtered resources.
2019-07-23 18:39:08,470 [Worker-44] INFO  o.e.m.c.i.embedder.EclipseLogger - skip non existing resourceDirectory D:\SelProject\MavenEclipce\PhoenixShoppe\src\main\resources
2019-07-23 18:39:08,471 [Worker-44] INFO  o.e.m.c.i.embedder.EclipseLogger - Using 'UTF-8' encoding to copy filtered resources.
2019-07-23 18:39:08,472 [Worker-44] INFO  o.e.m.c.i.embedder.EclipseLogger - skip non existing resourceDirectory D:\SelProject\MavenEclipce\PhoenixShoppe\src\test\resources
2019-07-23 18:39:12,369 [Worker-44] INFO  o.e.m.c.i.embedder.EclipseLogger - Using 'UTF-8' encoding to copy filtered resources.
2019-07-23 18:39:12,370 [Worker-44] INFO  o.e.m.c.i.embedder.EclipseLogger - skip non existing resourceDirectory D:\SelProject\MavenEclipce\PhoenixShoppe\src\main\resources
2019-07-23 18:39:12,371 [Worker-44] INFO  o.e.m.c.i.embedder.EclipseLogger - Using 'UTF-8' encoding to copy filtered resources.
2019-07-23 18:39:12,372 [Worker-44] INFO  o.e.m.c.i.embedder.EclipseLogger - skip non existing resourceDirectory D:\SelProject\MavenEclipce\PhoenixShoppe\src\test\resources
2019-07-23 18:50:58,906 [Worker-44] INFO  o.e.m.c.i.embedder.EclipseLogger - Using 'UTF-8' encoding to copy filtered resources.
2019-07-23 18:50:58,906 [Worker-44] INFO  o.e.m.c.i.embedder.EclipseLogger - skip non existing resourceDirectory D:\SelProject\MavenEclipce\PhoenixShoppe\src\main\resources
2019-07-23 18:50:58,908 [Worker-44] INFO  o.e.m.c.i.embedder.EclipseLogger - Using 'UTF-8' encoding to copy filtered resources.
2019-07-23 18:50:58,908 [Worker-44] INFO  o.e.m.c.i.embedder.EclipseLogger - skip non existing resourceDirectory D:\SelProject\MavenEclipce\PhoenixShoppe\src\test\resources
2019-07-23 18:52:13,550 [main] INFO  o.e.m2e.actions.ExecutePomAction - Creating new launch configuration
2019-07-23 18:52:25,500 [Worker-44] INFO  o.e.m.i.launch.MavenLaunchDelegate - D:\SelProject\MavenEclipce\PhoenixShoppe
2019-07-23 18:52:25,500 [Worker-44] INFO  o.e.m.i.launch.MavenLaunchDelegate -  mvn  -B clean package
2019-07-23 18:56:29,226 [Worker-54] INFO  o.e.m.c.i.embedder.EclipseLogger - Using 'UTF-8' encoding to copy filtered resources.
2019-07-23 18:56:29,226 [Worker-54] INFO  o.e.m.c.i.embedder.EclipseLogger - skip non existing resourceDirectory D:\SelProject\MavenEclipce\PhoenixShoppe\src\main\resources
2019-07-23 18:56:29,227 [Worker-54] INFO  o.e.m.c.i.embedder.EclipseLogger - Using 'UTF-8' encoding to copy filtered resources.
2019-07-23 18:56:29,227 [Worker-54] INFO  o.e.m.c.i.embedder.EclipseLogger - skip non existing resourceDirectory D:\SelProject\MavenEclipce\PhoenixShoppe\src\test\resources
2019-07-23 18:57:22,434 [Worker-54] INFO  o.e.m.c.i.embedder.EclipseLogger - Using 'UTF-8' encoding to copy filtered resources.
2019-07-23 18:57:22,435 [Worker-54] INFO  o.e.m.c.i.embedder.EclipseLogger - skip non existing resourceDirectory D:\SelProject\MavenEclipce\PhoenixShoppe\src\main\resources
2019-07-23 18:57:22,436 [Worker-54] INFO  o.e.m.c.i.embedder.EclipseLogger - Using 'UTF-8' encoding to copy filtered resources.
2019-07-23 18:57:22,436 [Worker-54] INFO  o.e.m.c.i.embedder.EclipseLogger - skip non existing resourceDirectory D:\SelProject\MavenEclipce\PhoenixShoppe\src\test\resources
2019-07-23 18:57:47,752 [Worker-59] INFO  o.e.m.c.i.embedder.EclipseLogger - Using 'UTF-8' encoding to copy filtered resources.
2019-07-23 18:57:47,753 [Worker-59] INFO  o.e.m.c.i.embedder.EclipseLogger - skip non existing resourceDirectory D:\SelProject\MavenEclipce\PhoenixShoppe\src\main\resources
2019-07-23 18:57:47,753 [Worker-59] INFO  o.e.m.c.i.embedder.EclipseLogger - Using 'UTF-8' encoding to copy filtered resources.
2019-07-23 18:57:47,754 [Worker-59] INFO  o.e.m.c.i.embedder.EclipseLogger - skip non existing resourceDirectory D:\SelProject\MavenEclipce\PhoenixShoppe\src\test\resources
2019-07-23 18:59:43,952 [Worker-57] INFO  o.e.m.c.i.embedder.EclipseLogger - Using 'UTF-8' encoding to copy filtered resources.
2019-07-23 18:59:43,952 [Worker-57] INFO  o.e.m.c.i.embedder.EclipseLogger - skip non existing resourceDirectory D:\SelProject\MavenEclipce\PhoenixShoppe\src\main\resources
2019-07-23 18:59:43,953 [Worker-57] INFO  o.e.m.c.i.embedder.EclipseLogger - Using 'UTF-8' encoding to copy filtered resources.
2019-07-23 18:59:43,953 [Worker-57] INFO  o.e.m.c.i.embedder.EclipseLogger - skip non existing resourceDirectory D:\SelProject\MavenEclipce\PhoenixShoppe\src\test\resources
2019-07-23 19:03:41,177 [Worker-64] INFO  o.e.m.c.i.p.ProjectConfigurationManager - Collecting project info '/pom.xml' D:\SelProject\MavenEclipce\HotelBooking\pom.xml
2019-07-23 19:03:42,918 [Worker-64] INFO  o.e.m.c.i.l.LifecycleMappingFactory - Using org.maven.ide.eclipse.wtp.WarLifecycleMapping lifecycle mapping for MavenProject: com.zensar.hotel:HotelBooking:0.0.1-SNAPSHOT @ D:\SelProject\MavenEclipce\HotelBooking\pom.xml.
2019-07-23 19:03:44,540 [Worker-64] INFO  o.e.m.j.i.AbstractJavaProjectConfigurator - Adding source folder /HotelBooking/src/main/java
2019-07-23 19:03:44,540 [Worker-64] INFO  o.e.m.j.i.AbstractJavaProjectConfigurator - Adding resource folder /HotelBooking/src/main/resources
2019-07-23 19:03:44,541 [Worker-64] INFO  o.e.m.j.i.AbstractJavaProjectConfigurator - Adding source folder /HotelBooking/src/test/java
2019-07-23 19:03:46,734 [Worker-64] INFO  o.e.m.c.i.p.ProjectConfigurationManager - Imported and configured 1 project(s) in 5 sec
2019-07-23 19:03:47,675 [Worker-57] WARN  o.e.m.c.i.embedder.EclipseLogger - Using platform encoding (Cp1252 actually) to copy filtered resources, i.e. build is platform dependent!
2019-07-23 19:03:47,687 [Worker-57] INFO  o.e.m.c.i.embedder.EclipseLogger - Copying 0 resource
2019-07-23 19:03:47,689 [Worker-57] WARN  o.e.m.c.i.embedder.EclipseLogger - Using platform encoding (Cp1252 actually) to copy filtered resources, i.e. build is platform dependent!
2019-07-23 19:03:47,692 [Worker-57] INFO  o.e.m.c.i.embedder.EclipseLogger - skip non existing resourceDirectory D:\SelProject\MavenEclipce\HotelBooking\src\test\resources
2019-07-23 19:04:57,685 [Worker-64] WARN  o.e.m.c.i.embedder.EclipseLogger - Using platform encoding (Cp1252 actually) to copy filtered resources, i.e. build is platform dependent!
2019-07-23 19:04:57,693 [Worker-64] INFO  o.e.m.c.i.embedder.EclipseLogger - Copying 0 resource
2019-07-23 19:04:57,697 [Worker-64] WARN  o.e.m.c.i.embedder.EclipseLogger - Using platform encoding (Cp1252 actually) to copy filtered resources, i.e. build is platform dependent!
2019-07-23 19:04:57,700 [Worker-64] INFO  o.e.m.c.i.embedder.EclipseLogger - skip non existing resourceDirectory D:\SelProject\MavenEclipce\HotelBooking\src\test\resources
2019-07-23 19:06:39,601 [Worker-68] INFO  o.e.m.c.i.l.LifecycleMappingFactory - Using org.maven.ide.eclipse.wtp.WarLifecycleMapping lifecycle mapping for MavenProject: com.zensar.hotel:HotelBooking:0.0.1-SNAPSHOT @ D:\SelProject\MavenEclipce\HotelBooking\pom.xml.
2019-07-23 19:06:40,478 [Worker-68] INFO  o.e.m.c.i.e.AbstractTransferListenerAdapter - Downloading https://repo.maven.apache.org/maven2/javax/servlet/javax.servlet-api/4.0.1/javax.servlet-api-4.0.1.pom
2019-07-23 19:06:40,787 [Worker-68] INFO  o.e.m.c.i.e.AbstractTransferListenerAdapter - Downloaded https://repo.maven.apache.org/maven2/javax/servlet/javax.servlet-api/4.0.1/javax.servlet-api-4.0.1.pom
2019-07-23 19:06:40,958 [Worker-68] INFO  o.e.m.c.i.e.AbstractTransferListenerAdapter - Downloading https://repo.maven.apache.org/maven2/net/java/jvnet-parent/3/jvnet-parent-3.pom
2019-07-23 19:06:41,122 [Worker-68] INFO  o.e.m.c.i.e.AbstractTransferListenerAdapter - Downloaded https://repo.maven.apache.org/maven2/net/java/jvnet-parent/3/jvnet-parent-3.pom
2019-07-23 19:06:41,294 [Worker-68] INFO  o.e.m.c.i.e.AbstractTransferListenerAdapter - Downloading https://repo.maven.apache.org/maven2/javax/servlet/javax.servlet-api/4.0.1/javax.servlet-api-4.0.1.jar
2019-07-23 19:06:41,747 [Worker-68] INFO  o.e.m.c.i.e.AbstractTransferListenerAdapter - Downloaded https://repo.maven.apache.org/maven2/javax/servlet/javax.servlet-api/4.0.1/javax.servlet-api-4.0.1.jar
2019-07-23 19:06:43,354 [Worker-68] WARN  o.e.m.c.i.embedder.EclipseLogger - Using platform encoding (Cp1252 actually) to copy filtered resources, i.e. build is platform dependent!
2019-07-23 19:06:43,356 [Worker-68] INFO  o.e.m.c.i.embedder.EclipseLogger - Copying 0 resource
2019-07-23 19:06:43,357 [Worker-68] WARN  o.e.m.c.i.embedder.EclipseLogger - Using platform encoding (Cp1252 actually) to copy filtered resources, i.e. build is platform dependent!
2019-07-23 19:06:43,359 [Worker-68] INFO  o.e.m.c.i.embedder.EclipseLogger - skip non existing resourceDirectory D:\SelProject\MavenEclipce\HotelBooking\src\test\resources
2019-07-23 19:06:43,359 [Worker-68] INFO  o.e.m.w.i.f.ResourceFilteringBuildParticipant - Changed resources require a complete clean of filtered resources of HotelBooking
2019-07-23 19:06:43,360 [Worker-68] INFO  o.e.m.w.i.f.ResourceFilteringBuildParticipant - Executing resource filtering for HotelBooking
2019-07-23 19:06:43,363 [Worker-68] WARN  o.e.m.c.i.embedder.EclipseLogger - Using platform encoding (Cp1252 actually) to copy filtered resources, i.e. build is platform dependent!
2019-07-23 19:06:44,463 [Worker-69] WARN  o.e.m.c.i.embedder.EclipseLogger - Using platform encoding (Cp1252 actually) to copy filtered resources, i.e. build is platform dependent!
2019-07-23 19:06:44,464 [Worker-69] INFO  o.e.m.c.i.embedder.EclipseLogger - Copying 0 resource
2019-07-23 19:06:44,465 [Worker-69] WARN  o.e.m.c.i.embedder.EclipseLogger - Using platform encoding (Cp1252 actually) to copy filtered resources, i.e. build is platform dependent!
2019-07-23 19:06:44,467 [Worker-69] INFO  o.e.m.c.i.embedder.EclipseLogger - skip non existing resourceDirectory D:\SelProject\MavenEclipce\HotelBooking\src\test\resources
2019-07-23 19:07:40,503 [main] INFO  o.e.m2e.actions.ExecutePomAction - Creating new launch configuration
2019-07-23 19:07:45,589 [Worker-70] INFO  o.e.m.i.launch.MavenLaunchDelegate - D:\SelProject\MavenEclipce\HotelBooking
2019-07-23 19:07:45,590 [Worker-70] INFO  o.e.m.i.launch.MavenLaunchDelegate -  mvn  -B clean package
2019-07-23 19:08:42,209 [Worker-69] WARN  o.e.m.c.i.embedder.EclipseLogger - Using platform encoding (Cp1252 actually) to copy filtered resources, i.e. build is platform dependent!
2019-07-23 19:08:42,211 [Worker-69] INFO  o.e.m.c.i.embedder.EclipseLogger - Copying 0 resource
2019-07-23 19:08:42,211 [Worker-69] WARN  o.e.m.c.i.embedder.EclipseLogger - Using platform encoding (Cp1252 actually) to copy filtered resources, i.e. build is platform dependent!
2019-07-23 19:08:42,213 [Worker-69] INFO  o.e.m.c.i.embedder.EclipseLogger - skip non existing resourceDirectory D:\SelProject\MavenEclipce\HotelBooking\src\test\resources
